

----------------------------------------
checking for C compiler


----------------------------------------
checking for gcc -pipe switch


----------------------------------------
checking for gcc builtin atomic operations


----------------------------------------
checking for C99 variadic macros


----------------------------------------
checking for gcc variadic macros


----------------------------------------
checking for unistd.h


----------------------------------------
checking for inttypes.h


----------------------------------------
checking for limits.h


----------------------------------------
checking for sys/filio.h

objs/autotest.c:3:10: fatal error: sys/filio.h: 没有那个文件或目录
 #include <sys/filio.h>
          ^~~~~~~~~~~~~
compilation terminated.
----------


#include <sys/filio.h>

int main() {
    return 0;
}

----------
gcc -o objs/autotest objs/autotest.c
----------

----------------------------------------
checking for sys/param.h


----------------------------------------
checking for sys/mount.h


----------------------------------------
checking for sys/statvfs.h


----------------------------------------
checking for crypt.h


----------------------------------------
checking for epoll


----------------------------------------
checking for sendfile()


----------------------------------------
checking for sendfile64()


----------------------------------------
checking for sys/prctl.h


----------------------------------------
checking for prctl(PR_SET_DUMPABLE)


----------------------------------------
checking for sched_setaffinity()


----------------------------------------
checking for crypt_r()

objs/autotest.c: In function ‘main’:
objs/autotest.c:8:19: warning: null argument where non-null required (argument 1) [-Wnonnull]
                   crypt_r(NULL, NULL, &cd);;
                   ^~~~~~~
objs/autotest.c:8:19: warning: null argument where non-null required (argument 2) [-Wnonnull]

----------------------------------------
checking for sys/vfs.h


----------------------------------------
checking for poll()


----------------------------------------
checking for /dev/poll

objs/autotest.c:4:10: fatal error: sys/devpoll.h: 没有那个文件或目录
 #include <sys/devpoll.h>
          ^~~~~~~~~~~~~~~
compilation terminated.
----------

#include <sys/types.h>
#include <unistd.h>
#include <sys/devpoll.h>

int main() {
    int  n, dp; struct dvpoll  dvp;
                  dp = 0;
                  dvp.dp_fds = NULL;
                  dvp.dp_nfds = 0;
                  dvp.dp_timeout = 0;
                  n = ioctl(dp, DP_POLL, &dvp);
    return 0;
}

----------
gcc -D_GNU_SOURCE -D_FILE_OFFSET_BITS=64 -o objs/autotest objs/autotest.c
----------

----------------------------------------
checking for kqueue

objs/autotest.c:4:10: fatal error: sys/event.h: 没有那个文件或目录
 #include <sys/event.h>
          ^~~~~~~~~~~~~
compilation terminated.
----------

#include <sys/types.h>
#include <unistd.h>
#include <sys/event.h>

int main() {
    int kq; kq = kqueue();
    return 0;
}

----------
gcc -D_GNU_SOURCE -D_FILE_OFFSET_BITS=64 -o objs/autotest objs/autotest.c
----------

----------------------------------------
checking for crypt()

/tmp/cc2USsYP.o：在函数‘main’中：
autotest.c:(.text+0x13)：对‘crypt’未定义的引用
collect2: error: ld returned 1 exit status
----------

#include <sys/types.h>
#include <unistd.h>


int main() {
    crypt("test", "salt");;
    return 0;
}

----------
gcc -D_GNU_SOURCE -D_FILE_OFFSET_BITS=64 -o objs/autotest objs/autotest.c
----------

----------------------------------------
checking for crypt() in libcrypt


----------------------------------------
checking for F_READAHEAD

objs/autotest.c: In function ‘main’:
objs/autotest.c:7:14: error: ‘F_READAHEAD’ undeclared (first use in this function); did you mean ‘F_SEAL_SEAL’?
     fcntl(0, F_READAHEAD, 1);;
              ^~~~~~~~~~~
              F_SEAL_SEAL
objs/autotest.c:7:14: note: each undeclared identifier is reported only once for each function it appears in
----------

#include <sys/types.h>
#include <unistd.h>
#include <fcntl.h>

int main() {
    fcntl(0, F_READAHEAD, 1);;
    return 0;
}

----------
gcc -D_GNU_SOURCE -D_FILE_OFFSET_BITS=64 -o objs/autotest objs/autotest.c
----------

----------------------------------------
checking for posix_fadvise()


----------------------------------------
checking for O_DIRECT


----------------------------------------
checking for F_NOCACHE

objs/autotest.c: In function ‘main’:
objs/autotest.c:7:14: error: ‘F_NOCACHE’ undeclared (first use in this function)
     fcntl(0, F_NOCACHE, 1);;
              ^~~~~~~~~
objs/autotest.c:7:14: note: each undeclared identifier is reported only once for each function it appears in
----------

#include <sys/types.h>
#include <unistd.h>
#include <fcntl.h>

int main() {
    fcntl(0, F_NOCACHE, 1);;
    return 0;
}

----------
gcc -D_GNU_SOURCE -D_FILE_OFFSET_BITS=64 -o objs/autotest objs/autotest.c
----------

----------------------------------------
checking for directio()

objs/autotest.c: In function ‘main’:
objs/autotest.c:8:5: warning: implicit declaration of function ‘directio’ [-Wimplicit-function-declaration]
     directio(0, DIRECTIO_ON);;
     ^~~~~~~~
objs/autotest.c:8:17: error: ‘DIRECTIO_ON’ undeclared (first use in this function)
     directio(0, DIRECTIO_ON);;
                 ^~~~~~~~~~~
objs/autotest.c:8:17: note: each undeclared identifier is reported only once for each function it appears in
----------

#include <sys/types.h>
#include <unistd.h>
#include <sys/types.h>
                  #include <sys/fcntl.h>

int main() {
    directio(0, DIRECTIO_ON);;
    return 0;
}

----------
gcc -D_GNU_SOURCE -D_FILE_OFFSET_BITS=64 -o objs/autotest objs/autotest.c
----------

----------------------------------------
checking for statfs()

objs/autotest.c: In function ‘main’:
objs/autotest.c:10:19: warning: null argument where non-null required (argument 1) [-Wnonnull]
                   statfs(NULL, &fs);;
                   ^~~~~~

----------------------------------------
checking for statvfs()

objs/autotest.c: In function ‘main’:
objs/autotest.c:9:19: warning: null argument where non-null required (argument 1) [-Wnonnull]
                   statvfs(NULL, &fs);;
                   ^~~~~~~

----------------------------------------
checking for dlopen()

/tmp/ccGRenXp.o：在函数‘main’中：
autotest.c:(.text+0xf)：对‘dlopen’未定义的引用
collect2: error: ld returned 1 exit status
----------

#include <sys/types.h>
#include <unistd.h>
#include <dlfcn.h>

int main() {
    dlopen(NULL, 0);
    return 0;
}

----------
gcc -D_GNU_SOURCE -D_FILE_OFFSET_BITS=64 -o objs/autotest objs/autotest.c
----------

----------------------------------------
checking for dlopen() in libdl


----------------------------------------
checking for sched_yield()


----------------------------------------
checking for SO_SETFIB

objs/autotest.c: In function ‘main’:
objs/autotest.c:7:31: error: ‘SO_SETFIB’ undeclared (first use in this function); did you mean ‘FD_SETSIZE’?
     setsockopt(0, SOL_SOCKET, SO_SETFIB, NULL, 4);
                               ^~~~~~~~~
                               FD_SETSIZE
objs/autotest.c:7:31: note: each undeclared identifier is reported only once for each function it appears in
----------

#include <sys/types.h>
#include <unistd.h>
#include <sys/socket.h>

int main() {
    setsockopt(0, SOL_SOCKET, SO_SETFIB, NULL, 4);
    return 0;
}

----------
gcc -D_GNU_SOURCE -D_FILE_OFFSET_BITS=64 -o objs/autotest objs/autotest.c
----------

----------------------------------------
checking for SO_ACCEPTFILTER

objs/autotest.c: In function ‘main’:
objs/autotest.c:7:31: error: ‘SO_ACCEPTFILTER’ undeclared (first use in this function); did you mean ‘SO_LOCK_FILTER’?
     setsockopt(0, SOL_SOCKET, SO_ACCEPTFILTER, NULL, 0);
                               ^~~~~~~~~~~~~~~
                               SO_LOCK_FILTER
objs/autotest.c:7:31: note: each undeclared identifier is reported only once for each function it appears in
----------

#include <sys/types.h>
#include <unistd.h>
#include <sys/socket.h>

int main() {
    setsockopt(0, SOL_SOCKET, SO_ACCEPTFILTER, NULL, 0);
    return 0;
}

----------
gcc -D_GNU_SOURCE -D_FILE_OFFSET_BITS=64 -o objs/autotest objs/autotest.c
----------

----------------------------------------
checking for TCP_DEFER_ACCEPT


----------------------------------------
checking for accept4()


----------------------------------------
checking for int size

objs/autotest.c: In function ‘main’:
objs/autotest.c:11:5: warning: implicit declaration of function ‘printf’ [-Wimplicit-function-declaration]
     printf("%d", sizeof(int));
     ^~~~~~
objs/autotest.c:11:5: warning: incompatible implicit declaration of built-in function ‘printf’
objs/autotest.c:11:5: note: include ‘<stdio.h>’ or provide a declaration of ‘printf’
objs/autotest.c:11:14: warning: format ‘%d’ expects argument of type ‘int’, but argument 2 has type ‘long unsigned int’ [-Wformat=]
     printf("%d", sizeof(int));
             ~^
             %ld

----------------------------------------
checking for long size

objs/autotest.c: In function ‘main’:
objs/autotest.c:11:5: warning: implicit declaration of function ‘printf’ [-Wimplicit-function-declaration]
     printf("%d", sizeof(long));
     ^~~~~~
objs/autotest.c:11:5: warning: incompatible implicit declaration of built-in function ‘printf’
objs/autotest.c:11:5: note: include ‘<stdio.h>’ or provide a declaration of ‘printf’
objs/autotest.c:11:14: warning: format ‘%d’ expects argument of type ‘int’, but argument 2 has type ‘long unsigned int’ [-Wformat=]
     printf("%d", sizeof(long));
             ~^
             %ld

----------------------------------------
checking for long long size

objs/autotest.c: In function ‘main’:
objs/autotest.c:11:5: warning: implicit declaration of function ‘printf’ [-Wimplicit-function-declaration]
     printf("%d", sizeof(long long));
     ^~~~~~
objs/autotest.c:11:5: warning: incompatible implicit declaration of built-in function ‘printf’
objs/autotest.c:11:5: note: include ‘<stdio.h>’ or provide a declaration of ‘printf’
objs/autotest.c:11:14: warning: format ‘%d’ expects argument of type ‘int’, but argument 2 has type ‘long unsigned int’ [-Wformat=]
     printf("%d", sizeof(long long));
             ~^
             %ld

----------------------------------------
checking for void * size

objs/autotest.c: In function ‘main’:
objs/autotest.c:11:5: warning: implicit declaration of function ‘printf’ [-Wimplicit-function-declaration]
     printf("%d", sizeof(void *));
     ^~~~~~
objs/autotest.c:11:5: warning: incompatible implicit declaration of built-in function ‘printf’
objs/autotest.c:11:5: note: include ‘<stdio.h>’ or provide a declaration of ‘printf’
objs/autotest.c:11:14: warning: format ‘%d’ expects argument of type ‘int’, but argument 2 has type ‘long unsigned int’ [-Wformat=]
     printf("%d", sizeof(void *));
             ~^
             %ld

----------------------------------------
checking for uint64_t


----------------------------------------
checking for sig_atomic_t


----------------------------------------
checking for sig_atomic_t size

objs/autotest.c: In function ‘main’:
objs/autotest.c:11:5: warning: implicit declaration of function ‘printf’ [-Wimplicit-function-declaration]
     printf("%d", sizeof(sig_atomic_t));
     ^~~~~~
objs/autotest.c:11:5: warning: incompatible implicit declaration of built-in function ‘printf’
objs/autotest.c:11:5: note: include ‘<stdio.h>’ or provide a declaration of ‘printf’
objs/autotest.c:11:14: warning: format ‘%d’ expects argument of type ‘int’, but argument 2 has type ‘long unsigned int’ [-Wformat=]
     printf("%d", sizeof(sig_atomic_t));
             ~^
             %ld

----------------------------------------
checking for socklen_t


----------------------------------------
checking for in_addr_t


----------------------------------------
checking for in_port_t


----------------------------------------
checking for rlim_t


checking for uintptr_t

checking for system endianess

----------------------------------------
checking for size_t size

objs/autotest.c: In function ‘main’:
objs/autotest.c:11:5: warning: implicit declaration of function ‘printf’ [-Wimplicit-function-declaration]
     printf("%d", sizeof(size_t));
     ^~~~~~
objs/autotest.c:11:5: warning: incompatible implicit declaration of built-in function ‘printf’
objs/autotest.c:11:5: note: include ‘<stdio.h>’ or provide a declaration of ‘printf’
objs/autotest.c:11:14: warning: format ‘%d’ expects argument of type ‘int’, but argument 2 has type ‘long unsigned int’ [-Wformat=]
     printf("%d", sizeof(size_t));
             ~^
             %ld

----------------------------------------
checking for off_t size

objs/autotest.c: In function ‘main’:
objs/autotest.c:11:5: warning: implicit declaration of function ‘printf’ [-Wimplicit-function-declaration]
     printf("%d", sizeof(off_t));
     ^~~~~~
objs/autotest.c:11:5: warning: incompatible implicit declaration of built-in function ‘printf’
objs/autotest.c:11:5: note: include ‘<stdio.h>’ or provide a declaration of ‘printf’
objs/autotest.c:11:14: warning: format ‘%d’ expects argument of type ‘int’, but argument 2 has type ‘long unsigned int’ [-Wformat=]
     printf("%d", sizeof(off_t));
             ~^
             %ld

----------------------------------------
checking for time_t size

objs/autotest.c: In function ‘main’:
objs/autotest.c:11:5: warning: implicit declaration of function ‘printf’ [-Wimplicit-function-declaration]
     printf("%d", sizeof(time_t));
     ^~~~~~
objs/autotest.c:11:5: warning: incompatible implicit declaration of built-in function ‘printf’
objs/autotest.c:11:5: note: include ‘<stdio.h>’ or provide a declaration of ‘printf’
objs/autotest.c:11:14: warning: format ‘%d’ expects argument of type ‘int’, but argument 2 has type ‘long unsigned int’ [-Wformat=]
     printf("%d", sizeof(time_t));
             ~^
             %ld

----------------------------------------
checking for setproctitle()

objs/autotest.c: In function ‘main’:
objs/autotest.c:7:5: warning: implicit declaration of function ‘setproctitle’; did you mean ‘sethostid’? [-Wimplicit-function-declaration]
     setproctitle("test");;
     ^~~~~~~~~~~~
     sethostid
/tmp/cclIK9v4.o：在函数‘main’中：
autotest.c:(.text+0x11)：对‘setproctitle’未定义的引用
collect2: error: ld returned 1 exit status
----------

#include <sys/types.h>
#include <unistd.h>


int main() {
    setproctitle("test");;
    return 0;
}

----------
gcc -D_GNU_SOURCE -D_FILE_OFFSET_BITS=64 -o objs/autotest objs/autotest.c
----------

----------------------------------------
checking for pread()


----------------------------------------
checking for pwrite()


----------------------------------------
checking for sys_nerr

/tmp/cc9S6GJe.o：在函数‘main’中：
autotest.c:(.text+0x6): 警告： `sys_nerr' is deprecated; use `strerror' or `strerror_r' instead
135
----------------------------------------
checking for localtime_r()


----------------------------------------
checking for posix_memalign()


----------------------------------------
checking for memalign()

objs/autotest.c: In function ‘main’:
objs/autotest.c:7:18: warning: implicit declaration of function ‘memalign’; did you mean ‘main’? [-Wimplicit-function-declaration]
     void *p; p = memalign(4096, 4096);
                  ^~~~~~~~
                  main
objs/autotest.c:7:16: warning: assignment makes pointer from integer without a cast [-Wint-conversion]
     void *p; p = memalign(4096, 4096);
                ^

----------------------------------------
checking for mmap(MAP_ANON|MAP_SHARED)


----------------------------------------
checking for mmap("/dev/zero", MAP_SHARED)


----------------------------------------
checking for System V shared memory


----------------------------------------
checking for POSIX semaphores

/tmp/cct2vRbP.o：在函数‘main’中：
autotest.c:(.text+0x29)：对‘sem_init’未定义的引用
autotest.c:(.text+0x41)：对‘sem_destroy’未定义的引用
collect2: error: ld returned 1 exit status
----------

#include <sys/types.h>
#include <unistd.h>
#include <semaphore.h>

int main() {
    sem_t  sem;
                  if (sem_init(&sem, 1, 0) == -1) return 1;
                  sem_destroy(&sem);;
    return 0;
}

----------
gcc -D_GNU_SOURCE -D_FILE_OFFSET_BITS=64 -o objs/autotest objs/autotest.c
----------

----------------------------------------
checking for POSIX semaphores in libpthread


----------------------------------------
checking for struct msghdr.msg_control


----------------------------------------
checking for ioctl(FIONBIO)


----------------------------------------
checking for struct tm.tm_gmtoff


----------------------------------------
checking for struct dirent.d_namlen

objs/autotest.c: In function ‘main’:
objs/autotest.c:7:29: error: ‘struct dirent’ has no member named ‘d_namlen’; did you mean ‘d_name’?
     struct dirent  dir; dir.d_namlen = 0;
                             ^~~~~~~~
                             d_name
----------

#include <sys/types.h>
#include <unistd.h>
#include <dirent.h>

int main() {
    struct dirent  dir; dir.d_namlen = 0;
    return 0;
}

----------
gcc -D_GNU_SOURCE -D_FILE_OFFSET_BITS=64 -o objs/autotest objs/autotest.c
----------

----------------------------------------
checking for struct dirent.d_type


----------------------------------------
checking for sysconf(_SC_NPROCESSORS_ONLN)


----------------------------------------
checking for PCRE library


----------------------------------------
checking for OpenSSL library


----------------------------------------
checking for zlib library

